<?xml version="1.0" encoding="UTF-8"?>
<!-- Generated by org.testng.reporters.JUnitReportReporter -->
<testsuite hostname="Gokce-Tuncay-2.local" name="com.adidas.app.TestSuite.AdidasUITests" tests="2" failures="0" timestamp="9 Jan 2018 10:12:28 GMT" time="4.301" errors="0">
  <testcase name="OpenHomePage" time="3.331" classname="com.adidas.app.TestSuite.AdidasUITests"/>
  <testcase name="NavigateGalleryPage" time="0.970" classname="com.adidas.app.TestSuite.AdidasUITests"/>
</testsuite> <!-- com.adidas.app.TestCases.AdidasHomePageTest -->
