<?xml version="1.0" encoding="UTF-8"?>
<!-- Generated by org.testng.reporters.JUnitReportReporter -->
<testsuite hostname="Gokce-Tuncay-2.local" name="com.adidas.app.TestSuite.AdidasUITests" tests="6" failures="0" timestamp="28 Jan 2018 19:45:55 GMT" time="4.692" errors="0">
  <testcase name="ProductDetailsPage" time="1.256" classname="com.adidas.app.TestSuite.AdidasUITests"/>
  <testcase name="OpenHomePage" time="0.581" classname="com.adidas.app.TestSuite.AdidasUITests"/>
  <testcase name="ProductDetailsPage" time="2.078" classname="com.adidas.app.TestSuite.AdidasUITests"/>
  <testcase name="FavoritesPage" time="0.239" classname="com.adidas.app.TestSuite.AdidasUITests"/>
  <testcase name="FavoritesPage" time="0.211" classname="com.adidas.app.TestSuite.AdidasUITests"/>
  <testcase name="OpenHomePage" time="0.327" classname="com.adidas.app.TestSuite.AdidasUITests"/>
</testsuite> <!-- com.adidas.app.TestSuite.AdidasUITests -->
