<?xml version="1.0" encoding="UTF-8"?>
<!-- Generated by org.testng.reporters.JUnitReportReporter -->
<testsuite hostname="Gokce-Tuncay-2.local" name="com.adidas.app.TestSuite.AdidasUITests" tests="6" failures="0" timestamp="28 Jan 2018 19:40:30 GMT" time="3.905" errors="0">
  <testcase name="ProductDetailsPage" time="1.335" classname="com.adidas.app.TestSuite.AdidasUITests"/>
  <testcase name="OpenHomePage" time="0.502" classname="com.adidas.app.TestSuite.AdidasUITests"/>
  <testcase name="FavoritesPage" time="0.491" classname="com.adidas.app.TestSuite.AdidasUITests"/>
  <testcase name="ProductDetailsPage" time="1.027" classname="com.adidas.app.TestSuite.AdidasUITests"/>
  <testcase name="OpenHomePage" time="0.327" classname="com.adidas.app.TestSuite.AdidasUITests"/>
  <testcase name="FavoritesPage" time="0.223" classname="com.adidas.app.TestSuite.AdidasUITests"/>
</testsuite> <!-- com.adidas.app.TestSuite.AdidasUITests -->
