<?xml version="1.0" encoding="UTF-8"?>
<!-- Generated by org.testng.reporters.JUnitReportReporter -->
<testsuite hostname="Gokce-Tuncay-2.local" name="com.adidas.app.TestSuite.AdidasPdpPage" tests="2" failures="0" timestamp="28 Jan 2018 19:34:26 GMT" time="4.934" errors="0">
  <testcase name="ProductDetailsPage" time="2.696" classname="com.adidas.app.TestSuite.AdidasPdpPage"/>
  <testcase name="ProductDetailsPage" time="2.238" classname="com.adidas.app.TestSuite.AdidasPdpPage"/>
</testsuite> <!-- com.adidas.app.TestCases.AdidasPdpPage -->
