<?xml version="1.0" encoding="UTF-8"?>
<!-- Generated by org.testng.reporters.JUnitReportReporter -->
<testsuite hostname="Gokce-Tuncay-2.local" name="com.adidas.app.TestSuite.AdidasPdpPageTest" tests="2" failures="0" timestamp="28 Jan 2018 19:44:40 GMT" time="2.890" errors="0">
  <testcase name="ProductDetailsPage" time="1.583" classname="com.adidas.app.TestSuite.AdidasPdpPageTest"/>
  <testcase name="ProductDetailsPage" time="1.307" classname="com.adidas.app.TestSuite.AdidasPdpPageTest"/>
</testsuite> <!-- com.adidas.app.TestSuite.AdidasPdpPageTest -->
