<?xml version="1.0" encoding="UTF-8"?>
<!-- Generated by org.testng.reporters.JUnitReportReporter -->
<testsuite hostname="Gokce-Tuncay-2.local" name="com.adidas.app.TestSuite.AdidasFavoritesPageTest" tests="2" failures="0" timestamp="28 Jan 2018 19:44:40 GMT" time="0.704" errors="0">
  <testcase name="FavoritesPage" time="0.430" classname="com.adidas.app.TestSuite.AdidasFavoritesPageTest"/>
  <testcase name="FavoritesPage" time="0.274" classname="com.adidas.app.TestSuite.AdidasFavoritesPageTest"/>
</testsuite> <!-- com.adidas.app.TestSuite.AdidasFavoritesPageTest -->
