<?xml version="1.0" encoding="UTF-8"?>
<!-- Generated by org.testng.reporters.JUnitReportReporter -->
<testsuite hostname="Gokce-Tuncay-2.local" name="com.adidas.app.TestSuite.AdidasUITests" tests="6" failures="0" timestamp="28 Jan 2018 19:22:12 GMT" time="4.589" errors="0">
  <testcase name="ProductDetailsPage" time="1.627" classname="com.adidas.app.TestSuite.AdidasUITests"/>
  <testcase name="FavoritesPage" time="0.461" classname="com.adidas.app.TestSuite.AdidasUITests"/>
  <testcase name="FavoritesPage" time="0.366" classname="com.adidas.app.TestSuite.AdidasUITests"/>
  <testcase name="OpenHomePage" time="0.352" classname="com.adidas.app.TestSuite.AdidasUITests"/>
  <testcase name="ProductDetailsPage" time="1.290" classname="com.adidas.app.TestSuite.AdidasUITests"/>
  <testcase name="OpenHomePage" time="0.493" classname="com.adidas.app.TestSuite.AdidasUITests"/>
</testsuite> <!-- com.adidas.app.TestCases.AdidasHomePageTest -->
